\BOOKMARK [0][-]{section*.2}{\376\377\000D\000A\000F\000T\000A\000R\000\040\000I\000S\000I}{}% 1
\BOOKMARK [0][-]{chapter.1}{\376\377\000P\000E\000N\000D\000A\000H\000U\000L\000U\000A\000N}{}% 2
\BOOKMARK [1][-]{section.1.1}{\376\377\000L\000a\000t\000a\000r\000\040\000B\000e\000l\000a\000k\000a\000n\000g}{chapter.1}% 3
\BOOKMARK [1][-]{section.1.2}{\376\377\000R\000u\000m\000u\000s\000a\000n\000\040\000M\000a\000s\000a\000l\000a\000h}{chapter.1}% 4
\BOOKMARK [1][-]{section.1.3}{\376\377\000B\000a\000t\000a\000s\000a\000n\000\040\000M\000a\000s\000a\000l\000a\000h}{chapter.1}% 5
\BOOKMARK [1][-]{section.1.4}{\376\377\000T\000u\000j\000u\000a\000n\000\040\000P\000e\000n\000e\000l\000i\000t\000i\000a\000n}{chapter.1}% 6
\BOOKMARK [1][-]{section.1.5}{\376\377\000M\000a\000n\000f\000a\000a\000t\000\040\000P\000e\000n\000e\000l\000i\000t\000i\000a\000n}{chapter.1}% 7
\BOOKMARK [0][-]{chapter.2}{\376\377\000T\000I\000N\000J\000A\000U\000A\000N\000\040\000P\000U\000S\000T\000A\000K\000A}{}% 8
\BOOKMARK [1][-]{section.2.1}{\376\377\000R\000e\000g\000r\000e\000s\000i\000\040\000L\000o\000g\000i\000s\000t\000i\000k}{chapter.2}% 9
\BOOKMARK [1][-]{section.2.2}{\376\377\000R\000e\000g\000r\000e\000s\000i\000\040\000L\000o\000g\000i\000s\000t\000i\000k\000\040\000B\000i\000n\000e\000r}{chapter.2}% 10
\BOOKMARK [1][-]{section.2.3}{\376\377\000R\000e\000g\000r\000e\000s\000i\000\040\000L\000o\000g\000i\000s\000t\000i\000k\000\040\000M\000u\000l\000t\000i\000n\000o\000m\000i\000a\000l}{chapter.2}% 11
\BOOKMARK [1][-]{section.2.4}{\376\377\000L\000o\000g\000\040\000O\000d\000d\000s\000\040\000a\000t\000a\000u\000\040\000L\000o\000g\000i\000t}{chapter.2}% 12
\BOOKMARK [1][-]{section.2.5}{\376\377\000M\000a\000x\000i\000m\000u\000m\000\040\000L\000i\000k\000e\000l\000i\000h\000o\000o\000d\000\040\000E\000s\000t\000i\000m\000a\000t\000i\000o\000n}{chapter.2}% 13
\BOOKMARK [1][-]{section.2.6}{\376\377\000K\000o\000e\000f\000i\000s\000i\000e\000n\000\040\000D\000e\000t\000e\000r\000m\000i\000n\000a\000s\000i}{chapter.2}% 14
\BOOKMARK [1][-]{section.2.7}{\376\377\000R\000e\000g\000u\000l\000a\000r\000i\000s\000a\000s\000i}{chapter.2}% 15
\BOOKMARK [2][-]{subsection.2.7.1}{\376\377\000R\000e\000g\000u\000l\000a\000r\000i\000s\000a\000s\000i\000\040\000L\0001\000\040\000a\000t\000a\000u\000\040\000L\000A\000S\000S\000O\000\040\000\050\000L\000e\000a\000s\000t\000\040\000A\000b\000s\000o\000l\000u\000t\000e\000\040\000S\000h\000r\000i\000n\000k\000a\000g\000e\000\040\000a\000n\000d\000\040\000S\000e\000l\000e\000c\000t\000i\000o\000n\000\040\000O\000p\000e\000r\000a\000t\000o\000r\000\051}{section.2.7}% 16
\BOOKMARK [2][-]{subsection.2.7.2}{\376\377\000R\000e\000g\000u\000l\000a\000r\000i\000s\000a\000s\000i\000\040\000L\0002\000\040\000a\000t\000a\000u\000\040\000R\000i\000d\000g\000e}{section.2.7}% 17
\BOOKMARK [1][-]{section.2.8}{\376\377\000A\000l\000g\000o\000r\000i\000t\000m\000a\000\040\000G\000r\000a\000d\000i\000e\000n\000t\000\040\000D\000e\000s\000c\000e\000n\000t}{chapter.2}% 18
\BOOKMARK [1][-]{section.2.9}{\376\377\000T\000a\000b\000e\000l\000\040\000k\000l\000a\000s\000i\000f\000i\000k\000a\000s\000i}{chapter.2}% 19
\BOOKMARK [0][-]{chapter.3}{\376\377\000M\000E\000T\000O\000D\000E\000\040\000P\000E\000N\000E\000L\000I\000T\000I\000A\000N}{}% 20
\BOOKMARK [0][-]{chapter.4}{\376\377\000H\000A\000S\000I\000L\000\040\000D\000A\000N\000\040\000P\000E\000M\000B\000A\000H\000A\000S\000A\000N}{}% 21
\BOOKMARK [1][-]{section.4.1}{\376\377\000E\000s\000t\000i\000m\000a\000s\000i\000\040\000P\000a\000r\000a\000m\000e\000t\000e\000r\000\040\000M\000o\000d\000e\000l\000\040\000R\000e\000g\000r\000e\000s\000i\000\040\000L\000o\000g\000i\000s\000t\000i\000k\000\040\000M\000u\000l\000t\000i\000n\000o\000m\000i\000a\000l\000\040\000m\000e\000n\000g\000g\000u\000n\000a\000k\000a\000n\000\040\000M\000e\000t\000o\000d\000e\000\040\000M\000L\000E\000\040}{chapter.4}% 22
\BOOKMARK [1][-]{section.4.2}{\376\377\000E\000s\000t\000i\000m\000a\000s\000i\000\040\000P\000a\000r\000a\000m\000e\000t\000e\000r\000\040\000M\000o\000d\000e\000l\000\040\000R\000e\000g\000r\000e\000s\000i\000\040\000L\000o\000g\000i\000s\000t\000i\000k\000\040\000M\000u\000l\000t\000i\000n\000o\000m\000i\000a\000l\000\040\000m\000e\000n\000g\000g\000u\000n\000a\000k\000a\000n\000\040\000M\000e\000t\000o\000d\000e\000\040\000L\000A\000S\000S\000O\000\040\000d\000a\000n\000\040\000R\000i\000d\000g\000e}{chapter.4}% 23
\BOOKMARK [2][-]{subsection.4.2.1}{\376\377\000M\000e\000n\000g\000g\000u\000n\000a\000k\000a\000n\000\040\000M\000e\000t\000o\000d\000e\000\040\000L\000A\000S\000S\000O}{section.4.2}% 24
\BOOKMARK [1][-]{section.4.3}{\376\377\000P\000e\000m\000b\000a\000h\000a\000s\000n\000\040\0002}{chapter.4}% 25
\BOOKMARK [1][-]{section.4.4}{\376\377\000P\000e\000m\000b\000a\000h\000s\000a\000n\000\040\0003}{chapter.4}% 26
\BOOKMARK [0][-]{chapter.5}{\376\377\000P\000E\000N\000U\000T\000U\000P}{}% 27
\BOOKMARK [1][-]{section.5.1}{\376\377\000K\000e\000s\000i\000m\000p\000u\000l\000a\000n}{chapter.5}% 28
\BOOKMARK [1][-]{section.5.2}{\376\377\000S\000a\000r\000a\000n}{chapter.5}% 29
\BOOKMARK [0][-]{chapter*.5}{\376\377\000D\000A\000F\000T\000A\000R\000\040\000P\000U\000S\000T\000A\000K\000A}{}% 30
\BOOKMARK [0][-]{chapter*.7}{\376\377\000L\000A\000M\000P\000I\000R\000A\000N}{}% 31
